2025-02-24 11:24:06,030 - INFO - Starting codelist catalog creation
2025-02-24 11:29:14,949 - WARNING - Error processing dataset BD_9AC_L_FORM_R2$DV_343: 404 Client Error: Not Found for url: https://ec.europa.eu/eurostat/api/dissemination/sdmx/2.1/datastructure/ESTAT/BD_9AC_L_FORM_R2$DV_343
2025-02-24 11:29:16,700 - WARNING - Error processing dataset BD_9BD_SZ_CL_R2$DV_585: 404 Client Error: Not Found for url: https://ec.europa.eu/eurostat/api/dissemination/sdmx/2.1/datastructure/ESTAT/BD_9BD_SZ_CL_R2$DV_585
2025-02-24 11:29:16,946 - WARNING - Error processing dataset BD_9BD_SZ_CL_R2$DV_61: 404 Client Error: Not Found for url: https://ec.europa.eu/eurostat/api/dissemination/sdmx/2.1/datastructure/ESTAT/BD_9BD_SZ_CL_R2$DV_61
2025-02-24 11:29:20,282 - WARNING - Error processing dataset BD_9EG_L_FORM_R2$DV_344: 404 Client Error: Not Found for url: https://ec.europa.eu/eurostat/api/dissemination/sdmx/2.1/datastructure/ESTAT/BD_9EG_L_FORM_R2$DV_344
2025-02-24 11:29:22,037 - WARNING - Error processing dataset BD_9FH_SZ_CL_R2$DV_345: 404 Client Error: Not Found for url: https://ec.europa.eu/eurostat/api/dissemination/sdmx/2.1/datastructure/ESTAT/BD_9FH_SZ_CL_R2$DV_345
2025-02-24 11:29:26,219 - WARNING - Error processing dataset BD_9N_R2$DV_346: 404 Client Error: Not Found for url: https://ec.europa.eu/eurostat/api/dissemination/sdmx/2.1/datastructure/ESTAT/BD_9N_R2$DV_346
2025-02-24 11:29:27,210 - WARNING - Error processing dataset BD_9PM_R2$DV_2421: 404 Client Error: Not Found for url: https://ec.europa.eu/eurostat/api/dissemination/sdmx/2.1/datastructure/ESTAT/BD_9PM_R2$DV_2421
2025-02-24 11:29:29,771 - WARNING - Error processing dataset BD_HG$DV_2307: 404 Client Error: Not Found for url: https://ec.europa.eu/eurostat/api/dissemination/sdmx/2.1/datastructure/ESTAT/BD_HG$DV_2307
2025-02-24 11:29:32,336 - WARNING - Error processing dataset BD_HG_MICRO$DV_2422: 404 Client Error: Not Found for url: https://ec.europa.eu/eurostat/api/dissemination/sdmx/2.1/datastructure/ESTAT/BD_HG_MICRO$DV_2422
2025-02-24 11:29:33,331 - WARNING - Error processing dataset BD_L_FORM$DV_2303: 404 Client Error: Not Found for url: https://ec.europa.eu/eurostat/api/dissemination/sdmx/2.1/datastructure/ESTAT/BD_L_FORM$DV_2303
2025-02-24 11:29:34,344 - WARNING - Error processing dataset BD_SALGE1_L_FORM$DV_2305: 404 Client Error: Not Found for url: https://ec.europa.eu/eurostat/api/dissemination/sdmx/2.1/datastructure/ESTAT/BD_SALGE1_L_FORM$DV_2305
2025-02-24 11:29:36,238 - WARNING - Error processing dataset BD_SALGE1_SIZE$DV_2306: 404 Client Error: Not Found for url: https://ec.europa.eu/eurostat/api/dissemination/sdmx/2.1/datastructure/ESTAT/BD_SALGE1_SIZE$DV_2306
2025-02-24 11:29:38,025 - WARNING - Error processing dataset BD_SIZE$DV_1483: 404 Client Error: Not Found for url: https://ec.europa.eu/eurostat/api/dissemination/sdmx/2.1/datastructure/ESTAT/BD_SIZE$DV_1483
2025-02-24 11:29:38,257 - WARNING - Error processing dataset BD_SIZE$DV_1502: 404 Client Error: Not Found for url: https://ec.europa.eu/eurostat/api/dissemination/sdmx/2.1/datastructure/ESTAT/BD_SIZE$DV_1502
2025-02-24 11:29:38,565 - WARNING - Error processing dataset BD_SIZE$DV_2304: 404 Client Error: Not Found for url: https://ec.europa.eu/eurostat/api/dissemination/sdmx/2.1/datastructure/ESTAT/BD_SIZE$DV_2304
2025-02-24 11:29:57,001 - WARNING - Error processing dataset BOP_ITS6_DET$DV_347: 404 Client Error: Not Found for url: https://ec.europa.eu/eurostat/api/dissemination/sdmx/2.1/datastructure/ESTAT/BOP_ITS6_DET$DV_347
2025-02-24 11:33:02,033 - WARNING - Error processing dataset CRIM_HOM_SOFF$DV_1941: 404 Client Error: Not Found for url: https://ec.europa.eu/eurostat/api/dissemination/sdmx/2.1/datastructure/ESTAT/CRIM_HOM_SOFF$DV_1941
2025-02-24 11:33:03,160 - WARNING - Error processing dataset CRIM_HOM_VAGE$DV_2321: 404 Client Error: Not Found for url: https://ec.europa.eu/eurostat/api/dissemination/sdmx/2.1/datastructure/ESTAT/CRIM_HOM_VAGE$DV_2321
2025-02-24 11:33:03,441 - WARNING - Error processing dataset CRIM_HOM_VAGE$DV_2603: 404 Client Error: Not Found for url: https://ec.europa.eu/eurostat/api/dissemination/sdmx/2.1/datastructure/ESTAT/CRIM_HOM_VAGE$DV_2603
2025-02-24 11:33:05,285 - WARNING - Error processing dataset CRIM_HOM_VREL$DV_1645: 404 Client Error: Not Found for url: https://ec.europa.eu/eurostat/api/dissemination/sdmx/2.1/datastructure/ESTAT/CRIM_HOM_VREL$DV_1645
2025-02-24 11:35:20,208 - INFO - Fetching codelist catalog from Eurostat
2025-02-24 11:38:21,242 - INFO - Processed codelist: TRA_MEAS
2025-02-24 11:38:21,242 - INFO - Processed codelist: OPERATOR
2025-02-24 11:38:21,243 - INFO - Processed codelist: HP_CAUSE
2025-02-24 11:38:21,243 - INFO - Processed codelist: ORD_BRTH
2025-02-24 11:38:21,243 - INFO - Processed codelist: TRA_MODE
2025-02-24 11:38:21,245 - INFO - Processed codelist: HP_TECH
2025-02-24 11:38:21,245 - INFO - Processed codelist: ORGANIC
2025-02-24 11:38:21,245 - INFO - Processed codelist: TRA_OPER
2025-02-24 11:38:21,246 - INFO - Processed codelist: ICCS
2025-02-24 11:38:21,246 - INFO - Processed codelist: TRA_TYPE
2025-02-24 11:38:21,247 - INFO - Processed codelist: ORG_INST
2025-02-24 11:38:21,248 - INFO - Processed codelist: TREESPEC
2025-02-24 11:38:21,248 - INFO - Processed codelist: ORIGIN
2025-02-24 11:38:21,248 - INFO - Processed codelist: OWNER
2025-02-24 11:38:21,248 - INFO - Processed codelist: TRIPDEST
2025-02-24 11:38:21,248 - INFO - Processed codelist: TRIP_ARR
2025-02-24 11:38:21,249 - INFO - Processed codelist: PARITY
2025-02-24 11:38:21,254 - INFO - Processed codelist: ICD10
2025-02-24 11:38:21,254 - INFO - Processed codelist: PARTICIP
2025-02-24 11:38:21,254 - INFO - Processed codelist: TWRK_HR
2025-02-24 11:38:21,254 - INFO - Processed codelist: TY
2025-02-24 11:38:21,255 - INFO - Processed codelist: ICD9CM
2025-02-24 11:38:21,255 - INFO - Processed codelist: TYPASSE
2025-02-24 11:38:21,256 - INFO - Processed codelist: ICHA11_FS
2025-02-24 11:38:21,256 - INFO - Processed codelist: TYPASSWK
2025-02-24 11:38:21,257 - INFO - Processed codelist: ICHA11_HC
2025-02-24 11:38:21,257 - INFO - Processed codelist: ICHA11_HF
2025-02-24 11:38:21,263 - INFO - Processed codelist: PARTNER
2025-02-24 11:38:21,263 - INFO - Processed codelist: TYPCOST
2025-02-24 11:38:21,263 - INFO - Processed codelist: TYPEAGR
2025-02-24 11:38:21,264 - INFO - Processed codelist: ICHA11_HP
2025-02-24 11:38:21,264 - INFO - Processed codelist: TYPE_INN
2025-02-24 11:38:21,265 - INFO - Processed codelist: ICHA_HC
2025-02-24 11:38:21,268 - INFO - Processed codelist: PAR_MAR
2025-02-24 11:38:21,269 - INFO - Processed codelist: ICHA_HP
2025-02-24 11:38:21,269 - INFO - Processed codelist: TYPPACK
2025-02-24 11:38:21,269 - INFO - Processed codelist: PEDS
2025-02-24 11:38:21,269 - INFO - Processed codelist: TYPTRAIF
2025-02-24 11:38:21,270 - INFO - Processed codelist: IMPACPCV
2025-02-24 11:38:21,270 - INFO - Processed codelist: PENSCHEME
2025-02-24 11:38:21,270 - INFO - Processed codelist: IMPACT
2025-02-24 11:38:21,270 - INFO - Processed codelist: TYP_REAR
2025-02-24 11:38:21,271 - INFO - Processed codelist: PERCENT
2025-02-24 11:38:21,272 - INFO - Processed codelist: INCGRP
2025-02-24 11:38:21,272 - INFO - Processed codelist: UAAREA
2025-02-24 11:38:21,272 - INFO - Processed codelist: PERP
2025-02-24 11:38:21,273 - INFO - Processed codelist: PERS_CAT
2025-02-24 11:38:21,273 - INFO - Processed codelist: INCOME
2025-02-24 11:38:21,274 - INFO - Processed codelist: INCSRC
2025-02-24 11:38:21,274 - INFO - Processed codelist: PERS_INV
2025-02-24 11:38:21,274 - INFO - Processed codelist: INCUBAT
2025-02-24 11:38:21,275 - INFO - Processed codelist: PERS_SERV
2025-02-24 11:38:21,277 - INFO - Processed codelist: PESTICID
2025-02-24 11:38:21,279 - INFO - Processed codelist: INDIC
2025-02-24 11:38:21,289 - INFO - Processed codelist: UNIT
2025-02-24 11:38:21,289 - INFO - Processed codelist: PHYSACT
2025-02-24 11:38:21,290 - INFO - Processed codelist: INDIC_AG
2025-02-24 11:38:21,291 - INFO - Processed codelist: VALUE
2025-02-24 11:38:21,291 - INFO - Processed codelist: INDIC_AGR
2025-02-24 11:38:21,292 - INFO - Processed codelist: PLANTS
2025-02-24 11:38:21,295 - INFO - Processed codelist: VARIABLE
2025-02-24 11:38:21,295 - INFO - Processed codelist: INDIC_BP
2025-02-24 11:38:21,297 - INFO - Processed codelist: VEHICLE
2025-02-24 11:38:21,298 - INFO - Processed codelist: PLANT_TEC
2025-02-24 11:38:21,298 - INFO - Processed codelist: INDIC_BT
2025-02-24 11:38:21,299 - INFO - Processed codelist: PL_CAPA
2025-02-24 11:38:21,299 - INFO - Processed codelist: VESSEL
2025-02-24 11:38:21,299 - INFO - Processed codelist: PORT_INFR
2025-02-24 11:38:21,299 - INFO - Processed codelist: VICTIM
2025-02-24 11:38:21,304 - INFO - Processed codelist: INDIC_CO
2025-02-24 11:38:21,304 - INFO - Processed codelist: VINESPEC
2025-02-24 11:38:21,305 - INFO - Processed codelist: VINETYPE
2025-02-24 11:38:21,305 - INFO - Processed codelist: INDIC_CR
2025-02-24 11:38:21,307 - INFO - Processed codelist: INDIC_DE
2025-02-24 11:38:21,320 - INFO - Processed codelist: PORT_IWW
2025-02-24 11:38:21,321 - INFO - Processed codelist: POST
2025-02-24 11:38:21,326 - INFO - Processed codelist: INDIC_ED
2025-02-24 11:38:21,326 - INFO - Processed codelist: POWER
2025-02-24 11:38:21,326 - INFO - Processed codelist: POW_ASY
2025-02-24 11:38:21,332 - INFO - Processed codelist: INDIC_EF
2025-02-24 11:38:21,333 - INFO - Processed codelist: PPP_CAT
2025-02-24 11:38:21,333 - INFO - Processed codelist: PRC_SET
2025-02-24 11:38:21,333 - INFO - Processed codelist: INDIC_EM
2025-02-24 11:38:21,348 - INFO - Processed codelist: VINEVAR
2025-02-24 11:38:21,349 - INFO - Processed codelist: VIOLENCE
2025-02-24 11:38:21,349 - INFO - Processed codelist: VITYPE
2025-02-24 11:38:21,354 - INFO - Processed codelist: INDIC_EN
2025-02-24 11:38:21,357 - INFO - Processed codelist: PRD_ACCT
2025-02-24 11:38:21,357 - INFO - Processed codelist: VIT_VTV
2025-02-24 11:38:21,358 - INFO - Processed codelist: INDIC_ENV
2025-02-24 11:38:21,360 - INFO - Processed codelist: VOLUME
2025-02-24 11:38:21,361 - INFO - Processed codelist: PRD_AMO
2025-02-24 11:38:21,361 - INFO - Processed codelist: VOT_CAT
2025-02-24 11:38:21,362 - INFO - Processed codelist: INDIC_ET
2025-02-24 11:38:21,362 - INFO - Processed codelist: VTARCLS
2025-02-24 11:38:21,363 - INFO - Processed codelist: INDIC_EU
2025-02-24 11:38:21,365 - INFO - Processed codelist: PRD_AVA
2025-02-24 11:38:21,365 - INFO - Processed codelist: WANTWORK
2025-02-24 11:38:21,367 - INFO - Processed codelist: INDIC_FB
2025-02-24 11:38:21,369 - INFO - Processed codelist: PRD_USE
2025-02-24 11:38:21,369 - INFO - Processed codelist: INDIC_FO
2025-02-24 11:38:21,370 - INFO - Processed codelist: PRES
2025-02-24 11:38:21,370 - INFO - Processed codelist: INDIC_HE
2025-02-24 11:38:21,372 - INFO - Processed codelist: WASTE
2025-02-24 11:38:21,372 - INFO - Processed codelist: PRIORITY
2025-02-24 11:38:21,373 - INFO - Processed codelist: WATPOL
2025-02-24 11:38:21,374 - INFO - Processed codelist: INDIC_IL
2025-02-24 11:38:21,374 - INFO - Processed codelist: PROCSTAT
2025-02-24 11:38:21,374 - INFO - Processed codelist: PRODGRP
2025-02-24 11:38:21,375 - INFO - Processed codelist: WAT_PROC
2025-02-24 11:38:21,375 - INFO - Processed codelist: PRODMILK
2025-02-24 11:38:21,375 - INFO - Processed codelist: WAT_SRC
2025-02-24 11:38:21,376 - INFO - Processed codelist: PRODTYP
2025-02-24 11:38:21,378 - INFO - Processed codelist: PRODUCT
2025-02-24 11:38:21,379 - INFO - Processed codelist: WEEK
2025-02-24 11:38:21,392 - INFO - Processed codelist: INDIC_IN
2025-02-24 11:38:21,392 - INFO - Processed codelist: PROD_ANI
2025-02-24 11:38:21,393 - INFO - Processed codelist: WEIGHT
2025-02-24 11:38:21,394 - INFO - Processed codelist: INDIC_INN
2025-02-24 11:38:21,395 - INFO - Processed codelist: INDIC_IP
2025-02-24 11:38:21,400 - INFO - Processed codelist: PROD_APR
2025-02-24 11:38:21,401 - INFO - Processed codelist: PROD_CT
2025-02-24 11:38:21,402 - INFO - Processed codelist: PROD_INP
2025-02-24 11:38:21,425 - INFO - Processed codelist: WINE_VAR
2025-02-24 11:38:21,428 - INFO - Processed codelist: PROD_NA
2025-02-24 11:38:21,428 - INFO - Processed codelist: WITHDRAW
2025-02-24 11:38:21,428 - INFO - Processed codelist: PROD_NRG
2025-02-24 11:38:21,429 - INFO - Processed codelist: WORKFIND
2025-02-24 11:38:21,429 - INFO - Processed codelist: PROD_SP
2025-02-24 11:38:21,429 - INFO - Processed codelist: WORKINT
2025-02-24 11:38:21,430 - INFO - Processed codelist: PROD_VEG
2025-02-24 11:38:21,431 - INFO - Processed codelist: WORKPLACE
2025-02-24 11:38:21,431 - INFO - Processed codelist: WORKPROC
2025-02-24 11:38:21,432 - INFO - Processed codelist: PROD_WD
2025-02-24 11:38:21,452 - INFO - Processed codelist: INDIC_IS
2025-02-24 11:38:21,452 - INFO - Processed codelist: WORKSEEK
2025-02-24 11:38:21,452 - INFO - Processed codelist: PROF_POS
2025-02-24 11:38:21,453 - INFO - Processed codelist: INDIC_LC
2025-02-24 11:38:21,453 - INFO - Processed codelist: WORKSTUD
2025-02-24 11:38:21,453 - INFO - Processed codelist: PROJECTION
2025-02-24 11:38:21,454 - INFO - Processed codelist: FDI_ITEM
2025-02-24 11:38:21,454 - INFO - Processed codelist: PROV
2025-02-24 11:38:21,455 - INFO - Processed codelist: WORKTIME
2025-02-24 11:38:21,455 - INFO - Processed codelist: WRKENV
2025-02-24 11:38:21,455 - INFO - Processed codelist: PROVISION
2025-02-24 11:38:21,457 - INFO - Processed codelist: FIELD
2025-02-24 11:38:21,457 - INFO - Processed codelist: WRKMETH
2025-02-24 11:38:21,457 - INFO - Processed codelist: PRY
2025-02-24 11:38:21,457 - INFO - Processed codelist: WRKSTAT
2025-02-24 11:38:21,458 - INFO - Processed codelist: PURCHASE
2025-02-24 11:38:21,460 - INFO - Processed codelist: FIELDID
2025-02-24 11:38:21,461 - INFO - Processed codelist: WRKT_STSK
2025-02-24 11:38:21,461 - INFO - Processed codelist: FINPOS
2025-02-24 11:38:21,461 - INFO - Processed codelist: PURPOSE
2025-02-24 11:38:21,461 - INFO - Processed codelist: WRK_ASG
2025-02-24 11:38:21,461 - INFO - Processed codelist: P_ADJ
2025-02-24 11:38:21,462 - INFO - Processed codelist: FIN_SOURCE
2025-02-24 11:38:21,462 - INFO - Processed codelist: WSITUAT
2025-02-24 11:38:21,463 - INFO - Processed codelist: QUANTILE
2025-02-24 11:38:21,463 - INFO - Processed codelist: FIN_TYP
2025-02-24 11:38:21,464 - INFO - Processed codelist: WSTATUS
2025-02-24 11:38:21,465 - INFO - Processed codelist: QUANT_EXPN
2025-02-24 11:38:21,466 - INFO - Processed codelist: WSTATUS2
2025-02-24 11:38:21,466 - INFO - Processed codelist: QUANT_INC
2025-02-24 11:38:21,471 - INFO - Processed codelist: FISHREG
2025-02-24 11:38:21,471 - INFO - Processed codelist: WSTATUSPR
2025-02-24 11:38:21,471 - INFO - Processed codelist: QUANT_WLTH
2025-02-24 11:38:21,471 - INFO - Processed codelist: FODDER
2025-02-24 11:38:21,471 - INFO - Processed codelist: WSTA_ACC
2025-02-24 11:38:21,472 - INFO - Processed codelist: RAIL_ACT
2025-02-24 11:38:21,472 - INFO - Processed codelist: FORD
2025-02-24 11:38:21,473 - INFO - Processed codelist: FORMEV
2025-02-24 11:38:21,473 - INFO - Processed codelist: RANKING
2025-02-24 11:38:21,474 - INFO - Processed codelist: WST_OPER
2025-02-24 11:38:21,474 - INFO - Processed codelist: WTFLEX
2025-02-24 11:38:21,477 - INFO - Processed codelist: RAWMAT
2025-02-24 11:38:21,479 - INFO - Processed codelist: FOR_ACC
2025-02-24 11:38:21,480 - INFO - Processed codelist: WW_GTD
2025-02-24 11:38:21,481 - INFO - Processed codelist: RAWMATPR
2025-02-24 11:38:21,481 - INFO - Processed codelist: FREQ
2025-02-24 11:38:21,481 - INFO - Processed codelist: WW_TP
2025-02-24 11:38:21,482 - INFO - Processed codelist: RAWMATSEC
2025-02-24 11:38:21,482 - INFO - Processed codelist: FREQUENC
2025-02-24 11:38:21,483 - INFO - Processed codelist: FRQ_WOTH
2025-02-24 11:38:21,483 - INFO - Processed codelist: WW_TPAR
2025-02-24 11:38:21,484 - INFO - Processed codelist: YES_NO
2025-02-24 11:38:21,485 - INFO - Processed codelist: FRQ_WTPR
2025-02-24 11:38:21,490 - INFO - Processed codelist: RBD
2025-02-24 11:38:21,491 - INFO - Processed codelist: YIELDCLS
2025-02-24 11:38:21,491 - INFO - Processed codelist: REACTION
2025-02-24 11:38:21,492 - INFO - Processed codelist: FRUITVAR
2025-02-24 11:38:21,492 - INFO - Processed codelist: FUND
2025-02-24 11:38:21,492 - INFO - Processed codelist: YLD_CURV
2025-02-24 11:38:21,493 - INFO - Processed codelist: GAUGERT
2025-02-24 11:38:21,494 - INFO - Processed codelist: YNLFS
2025-02-24 11:38:21,494 - INFO - Processed codelist: GAUGETRK
2025-02-24 11:38:21,501 - INFO - Processed codelist: REASON
2025-02-24 11:38:21,501 - INFO - Processed codelist: YN_AROPE
2025-02-24 11:38:21,502 - INFO - Processed codelist: GD_SERV
2025-02-24 11:38:21,502 - INFO - Processed codelist: YN_AWR
2025-02-24 11:38:21,502 - INFO - Processed codelist: GEAR
2025-02-24 11:38:21,504 - INFO - Processed codelist: REASRET
2025-02-24 11:38:21,504 - INFO - Processed codelist: YN_CARE
2025-02-24 11:38:21,504 - INFO - Processed codelist: RECIP_CO
2025-02-24 11:38:21,504 - INFO - Processed codelist: GEN_TECH
2025-02-24 11:38:21,504 - INFO - Processed codelist: RECORD
2025-02-24 11:38:21,505 - INFO - Processed codelist: YN_CONSQ
2025-02-24 11:38:21,505 - INFO - Processed codelist: YN_DIF
2025-02-24 11:38:21,505 - INFO - Processed codelist: REGISVEH
2025-02-24 11:38:21,505 - INFO - Processed codelist: YN_DIS
2025-02-24 11:38:21,505 - INFO - Processed codelist: REGIS_ES
2025-02-24 11:38:21,506 - INFO - Processed codelist: YN_OVBUR
2025-02-24 11:38:21,506 - INFO - Processed codelist: RELEASE
2025-02-24 11:38:21,506 - INFO - Processed codelist: YN_RSKPOV
2025-02-24 11:38:21,506 - INFO - Processed codelist: YN_SGN
2025-02-24 11:38:21,506 - INFO - Processed codelist: YN_VICT
2025-02-24 11:38:21,507 - INFO - Processed codelist: YN_WEB
2025-02-24 11:38:21,509 - INFO - Processed codelist: Y_ARRIV
2025-02-24 11:38:21,523 - INFO - Processed codelist: REP_AIRP
2025-02-24 11:38:21,525 - INFO - Processed codelist: Y_BIRTH
2025-02-24 11:38:21,528 - INFO - Processed codelist: Y_CONST
2025-02-24 11:38:21,528 - INFO - Processed codelist: Y_REGIS
2025-02-24 11:38:21,529 - INFO - Processed codelist: SPSECTOR
2025-02-24 11:38:21,529 - INFO - Processed codelist: SPTYPE
2025-02-24 11:38:21,531 - INFO - Processed codelist: SRC
2025-02-24 11:38:21,531 - INFO - Processed codelist: SRC_ACT
2025-02-24 11:38:21,553 - INFO - Processed codelist: REP_MAR
2025-02-24 11:38:21,553 - INFO - Processed codelist: REQUEST
2025-02-24 11:38:21,555 - INFO - Processed codelist: SRC_CRF
2025-02-24 11:38:21,556 - INFO - Processed codelist: SRC_FUND
2025-02-24 11:38:21,559 - INFO - Processed codelist: RESID
2025-02-24 11:38:21,559 - INFO - Processed codelist: SRC_INFO
2025-02-24 11:38:21,559 - INFO - Processed codelist: RETURN
2025-02-24 11:38:21,559 - INFO - Processed codelist: SRC_LEARN
2025-02-24 11:38:21,561 - INFO - Processed codelist: SRC_NFR
2025-02-24 11:38:21,612 - INFO - Processed codelist: GEO
2025-02-24 11:38:21,614 - INFO - Processed codelist: STARTIME
2025-02-24 11:38:21,614 - INFO - Processed codelist: GUARANTORS
2025-02-24 11:38:21,616 - INFO - Processed codelist: STATINFO
2025-02-24 11:38:21,616 - INFO - Processed codelist: HATCHITM
2025-02-24 11:38:21,618 - INFO - Processed codelist: STK_FLOW
2025-02-24 11:38:21,619 - INFO - Processed codelist: HAZARD
2025-02-24 11:38:21,619 - INFO - Processed codelist: STRUCPRO
2025-02-24 11:38:21,620 - INFO - Processed codelist: HHCARACT
2025-02-24 11:38:21,620 - INFO - Processed codelist: STUDENTC
2025-02-24 11:38:21,621 - INFO - Processed codelist: HHCOMP
2025-02-24 11:38:21,621 - INFO - Processed codelist: SUBJNMON
2025-02-24 11:38:21,622 - INFO - Processed codelist: HHSTATUS
2025-02-24 11:38:21,623 - INFO - Processed codelist: HHTYP
2025-02-24 11:38:21,623 - INFO - Processed codelist: SUBJ_REGL
2025-02-24 11:38:21,623 - INFO - Processed codelist: SUBSTANCE
2025-02-24 11:38:21,623 - INFO - Processed codelist: HHTYPE
2025-02-24 11:38:21,624 - INFO - Processed codelist: SUBST_CAT
2025-02-24 11:38:21,624 - INFO - Processed codelist: HHWKSTAT
2025-02-24 11:38:21,624 - INFO - Processed codelist: HIRE_PLAN
2025-02-24 11:38:21,624 - INFO - Processed codelist: SUPPLY
2025-02-24 11:38:21,625 - INFO - Processed codelist: HLTHCARE
2025-02-24 11:38:21,625 - INFO - Processed codelist: SUP_MODE
2025-02-24 11:38:21,625 - INFO - Processed codelist: HLTH_HLE
2025-02-24 11:38:21,626 - INFO - Processed codelist: SWMETHOD
2025-02-24 11:38:21,626 - INFO - Processed codelist: S_ADJ
2025-02-24 11:38:21,628 - INFO - Processed codelist: HLTH_PB
2025-02-24 11:38:21,628 - INFO - Processed codelist: TASK
2025-02-24 11:38:21,629 - INFO - Processed codelist: HOLD_MAN
2025-02-24 11:38:21,629 - INFO - Processed codelist: TAX
2025-02-24 11:38:21,629 - INFO - Processed codelist: HOSPCARE
2025-02-24 11:38:21,629 - INFO - Processed codelist: HOTELSIZE
2025-02-24 11:38:21,629 - INFO - Processed codelist: TECH
2025-02-24 11:38:21,630 - INFO - Processed codelist: HOUSING
2025-02-24 11:38:21,630 - INFO - Processed codelist: TENURE
2025-02-24 11:38:21,630 - INFO - Processed codelist: HOUS_ANI
2025-02-24 11:38:21,631 - INFO - Processed codelist: TERRTYPO
2025-02-24 11:38:21,631 - INFO - Processed codelist: THICKNESS
2025-02-24 11:38:21,631 - INFO - Processed codelist: TILLAGE
2025-02-24 11:38:21,634 - INFO - Processed codelist: ISCEDF13
2025-02-24 11:38:21,648 - INFO - Processed codelist: TIME
2025-02-24 11:38:21,649 - INFO - Processed codelist: TINFO
2025-02-24 11:38:21,656 - INFO - Processed codelist: ISCO08
2025-02-24 11:38:21,657 - INFO - Processed codelist: TNGPROV
2025-02-24 11:38:21,659 - INFO - Processed codelist: ISCO88
2025-02-24 11:38:21,659 - INFO - Processed codelist: TONNAGE
2025-02-24 11:38:21,659 - INFO - Processed codelist: ISSUER
2025-02-24 11:38:21,660 - INFO - Processed codelist: TRAIN
2025-02-24 11:38:21,662 - INFO - Processed codelist: ITM_NEWA
2025-02-24 11:38:21,662 - INFO - Processed codelist: IWW_HD
2025-02-24 11:38:21,663 - INFO - Processed codelist: TRAINING
2025-02-24 11:38:21,663 - INFO - Processed codelist: JOB_AUTN
2025-02-24 11:38:21,664 - INFO - Processed codelist: TRANS1G
2025-02-24 11:38:21,664 - INFO - Processed codelist: TRANS1Y
2025-02-24 11:38:21,665 - INFO - Processed codelist: JOB_CL
2025-02-24 11:38:21,665 - INFO - Processed codelist: TRANS2Y
2025-02-24 11:38:21,665 - INFO - Processed codelist: LA
2025-02-24 11:38:21,666 - INFO - Processed codelist: TRANS3Y
2025-02-24 11:38:21,668 - INFO - Processed codelist: LANDCOVER
2025-02-24 11:38:21,669 - INFO - Processed codelist: TRA_COV
2025-02-24 11:38:21,670 - INFO - Processed codelist: LANDUSE
2025-02-24 11:38:21,670 - INFO - Processed codelist: TRA_INFR
2025-02-24 11:38:21,671 - INFO - Processed codelist: LANGUAGE
2025-02-24 11:38:21,671 - INFO - Processed codelist: RSKPOVTH
2025-02-24 11:38:21,672 - INFO - Processed codelist: LCSTRUCT
2025-02-24 11:38:21,672 - INFO - Processed codelist: LEARNING
2025-02-24 11:38:21,673 - INFO - Processed codelist: RURALDEV
2025-02-24 11:38:21,789 - INFO - Processed codelist: REVDATE
2025-02-24 11:38:21,789 - INFO - Processed codelist: RISK
2025-02-24 11:38:21,789 - INFO - Processed codelist: SCHEDULE
2025-02-24 11:38:21,790 - INFO - Processed codelist: LEAVE
2025-02-24 11:38:21,790 - INFO - Processed codelist: RND_ACT
2025-02-24 11:38:21,790 - INFO - Processed codelist: SEABASIN
2025-02-24 11:38:21,790 - INFO - Processed codelist: LEGTYPE
2025-02-24 11:38:21,791 - INFO - Processed codelist: NRG_FLOW
2025-02-24 11:38:21,791 - INFO - Processed codelist: NRG_PRC
2025-02-24 11:38:21,791 - INFO - Processed codelist: SEASHIP
2025-02-24 11:38:21,791 - INFO - Processed codelist: LEG_CASE
2025-02-24 11:38:21,792 - INFO - Processed codelist: NRG_SRC
2025-02-24 11:38:21,792 - INFO - Processed codelist: LEG_FORM
2025-02-24 11:38:21,793 - INFO - Processed codelist: SEAT
2025-02-24 11:38:21,793 - INFO - Processed codelist: LEG_FRAM
2025-02-24 11:38:21,793 - INFO - Processed codelist: SECTFUND
2025-02-24 11:38:21,794 - INFO - Processed codelist: NRG_TECH
2025-02-24 11:38:21,795 - INFO - Processed codelist: NST07
2025-02-24 11:38:21,796 - INFO - Processed codelist: LEG_PROV
2025-02-24 11:38:21,797 - INFO - Processed codelist: SECTOR
2025-02-24 11:38:21,797 - INFO - Processed codelist: NSTR24
2025-02-24 11:38:21,798 - INFO - Processed codelist: LEG_STAT
2025-02-24 11:38:21,798 - INFO - Processed codelist: SECTOR10
2025-02-24 11:38:21,799 - INFO - Processed codelist: NSTR_GG
2025-02-24 11:38:21,800 - INFO - Processed codelist: LENGTH
2025-02-24 11:38:21,801 - INFO - Processed codelist: SECTOR2
2025-02-24 11:38:21,801 - INFO - Processed codelist: NUTRIENT
2025-02-24 11:38:21,801 - INFO - Processed codelist: SECTPART
2025-02-24 11:38:21,802 - INFO - Processed codelist: LEVELS
2025-02-24 11:38:21,802 - INFO - Processed codelist: N_ACTION
2025-02-24 11:38:21,803 - INFO - Processed codelist: LEV_BUR
2025-02-24 11:38:21,803 - INFO - Processed codelist: SECTPERF
2025-02-24 11:38:21,803 - INFO - Processed codelist: N_ACTIV
2025-02-24 11:38:21,804 - INFO - Processed codelist: SEVERITY
2025-02-24 11:38:21,804 - INFO - Processed codelist: LEV_CMN
2025-02-24 11:38:21,804 - INFO - Processed codelist: LEV_DEPR
2025-02-24 11:38:21,804 - INFO - Processed codelist: SEX
2025-02-24 11:38:21,804 - INFO - Processed codelist: N_BOOK
2025-02-24 11:38:21,805 - INFO - Processed codelist: N_CHILD
2025-02-24 11:38:21,805 - INFO - Processed codelist: LEV_DIFF
2025-02-24 11:38:21,805 - INFO - Processed codelist: LEV_EFCY
2025-02-24 11:38:21,806 - INFO - Processed codelist: N_CLASS
2025-02-24 11:38:21,806 - INFO - Processed codelist: LEV_EXPC
2025-02-24 11:38:21,810 - INFO - Processed codelist: SIEC
2025-02-24 11:38:21,810 - INFO - Processed codelist: N_CLIENT
2025-02-24 11:38:21,810 - INFO - Processed codelist: SIGNAL
2025-02-24 11:38:21,810 - INFO - Processed codelist: N_CONTACT
2025-02-24 11:38:21,810 - INFO - Processed codelist: LEV_EXPN
2025-02-24 11:38:21,811 - INFO - Processed codelist: SITC06
2025-02-24 11:38:21,811 - INFO - Processed codelist: LEV_FINS
2025-02-24 11:38:21,811 - INFO - Processed codelist: N_DESIGN
2025-02-24 11:38:21,812 - INFO - Processed codelist: SIZECLAS
2025-02-24 11:38:21,812 - INFO - Processed codelist: N_HEAD
2025-02-24 11:38:21,812 - INFO - Processed codelist: LEV_IMPC
2025-02-24 11:38:21,813 - INFO - Processed codelist: SIZEHATCH
2025-02-24 11:38:21,813 - INFO - Processed codelist: LEV_IMPT
2025-02-24 11:38:21,813 - INFO - Processed codelist: N_HPROB
2025-02-24 11:38:21,813 - INFO - Processed codelist: N_INJURY
2025-02-24 11:38:21,813 - INFO - Processed codelist: LEV_INTRF
2025-02-24 11:38:21,814 - INFO - Processed codelist: SIZEN_R2
2025-02-24 11:38:21,815 - INFO - Processed codelist: LEV_KNOW
2025-02-24 11:38:21,815 - INFO - Processed codelist: N_ITEM
2025-02-24 11:38:21,815 - INFO - Processed codelist: N_JOB
2025-02-24 11:38:21,815 - INFO - Processed codelist: LEV_LIMIT
2025-02-24 11:38:21,816 - INFO - Processed codelist: SIZES
2025-02-24 11:38:21,816 - INFO - Processed codelist: SIZE_EMP
2025-02-24 11:38:21,816 - INFO - Processed codelist: LEV_MATCH
2025-02-24 11:38:21,816 - INFO - Processed codelist: N_LANG
2025-02-24 11:38:21,817 - INFO - Processed codelist: SIZE_EXPN
2025-02-24 11:38:21,817 - INFO - Processed codelist: N_PARTNER
2025-02-24 11:38:21,817 - INFO - Processed codelist: LEV_PERC
2025-02-24 11:38:21,818 - INFO - Processed codelist: N_PERSON
2025-02-24 11:38:21,818 - INFO - Processed codelist: LEV_RPT
2025-02-24 11:38:21,818 - INFO - Processed codelist: SIZE_MBR
2025-02-24 11:38:21,818 - INFO - Processed codelist: N_PORTION
2025-02-24 11:38:21,819 - INFO - Processed codelist: LEV_SATIS
2025-02-24 11:38:21,819 - INFO - Processed codelist: SIZE_TUR
2025-02-24 11:38:21,819 - INFO - Processed codelist: N_ROOM
2025-02-24 11:38:21,820 - INFO - Processed codelist: SKILLS
2025-02-24 11:38:21,820 - INFO - Processed codelist: LIFE_SAT
2025-02-24 11:38:21,820 - INFO - Processed codelist: N_TRACKS
2025-02-24 11:38:21,820 - INFO - Processed codelist: LOADSTAT
2025-02-24 11:38:21,820 - INFO - Processed codelist: SMOKING
2025-02-24 11:38:21,820 - INFO - Processed codelist: N_UNEMP
2025-02-24 11:38:21,821 - INFO - Processed codelist: SNGLHLDR
2025-02-24 11:38:21,821 - INFO - Processed codelist: N_VEHICL
2025-02-24 11:38:21,823 - INFO - Processed codelist: INDIC_MD
2025-02-24 11:38:21,823 - INFO - Processed codelist: SNR_CAT
2025-02-24 11:38:21,824 - INFO - Processed codelist: N_VESSEL
2025-02-24 11:38:21,824 - INFO - Processed codelist: SOC_INS
2025-02-24 11:38:21,824 - INFO - Processed codelist: INDIC_MG
2025-02-24 11:38:21,825 - INFO - Processed codelist: INDIC_NRG
2025-02-24 11:38:21,826 - INFO - Processed codelist: OBS_FLAG
2025-02-24 11:38:21,826 - INFO - Processed codelist: SOIL_COV
2025-02-24 11:38:21,826 - INFO - Processed codelist: SOURCE
2025-02-24 11:38:21,827 - INFO - Processed codelist: INDIC_NRGM
2025-02-24 11:38:21,827 - INFO - Processed codelist: OBS_STATUS
2025-02-24 11:38:21,828 - INFO - Processed codelist: SOURINFO
2025-02-24 11:38:21,828 - INFO - Processed codelist: OBZONE
2025-02-24 11:38:21,828 - INFO - Processed codelist: INDIC_NV
2025-02-24 11:38:21,828 - INFO - Processed codelist: OCCUR
2025-02-24 11:38:21,829 - INFO - Processed codelist: INDIC_PEFA
2025-02-24 11:38:21,830 - INFO - Processed codelist: SO_EUR
2025-02-24 11:38:21,831 - INFO - Processed codelist: OFFER
2025-02-24 11:38:21,833 - INFO - Processed codelist: SPDEP
2025-02-24 11:38:21,833 - INFO - Processed codelist: OGA_FAM
2025-02-24 11:38:21,834 - INFO - Processed codelist: SPDEPB
2025-02-24 11:38:21,839 - INFO - Processed codelist: INDIC_SB
2025-02-24 11:38:21,840 - INFO - Processed codelist: OGA_HLD
2025-02-24 11:38:21,840 - INFO - Processed codelist: SPDEPM
2025-02-24 11:38:21,841 - INFO - Processed codelist: OGA_NRH
2025-02-24 11:38:21,841 - INFO - Processed codelist: SPDEPS
2025-02-24 11:38:21,843 - INFO - Processed codelist: INDIC_SBS
2025-02-24 11:38:21,844 - INFO - Processed codelist: OGA_RH
2025-02-24 11:38:21,844 - INFO - Processed codelist: INDIC_SE
2025-02-24 11:38:21,844 - INFO - Processed codelist: INDIC_SP
2025-02-24 11:38:21,845 - INFO - Processed codelist: OGA_SPOU
2025-02-24 11:38:21,845 - INFO - Processed codelist: INDIC_TO
2025-02-24 11:38:21,845 - INFO - Processed codelist: OGA_TYPE
2025-02-24 11:38:21,846 - INFO - Processed codelist: LOCPART
2025-02-24 11:38:21,846 - INFO - Processed codelist: LSU
2025-02-24 11:38:21,846 - INFO - Processed codelist: LVLCROS
2025-02-24 11:38:21,854 - INFO - Processed codelist: INDIC_UR
2025-02-24 11:38:21,855 - INFO - Processed codelist: INDIC_VI
2025-02-24 11:38:21,855 - INFO - Processed codelist: INDIC_WB
2025-02-24 11:38:21,858 - INFO - Processed codelist: INDUSE
2025-02-24 11:38:21,866 - INFO - Processed codelist: L_SERV
2025-02-24 11:38:21,866 - INFO - Processed codelist: MAINW
2025-02-24 11:38:21,866 - INFO - Processed codelist: INDX
2025-02-24 11:38:21,866 - INFO - Processed codelist: MANSTO
2025-02-24 11:38:21,868 - INFO - Processed codelist: IND_ACCT
2025-02-24 11:38:21,869 - INFO - Processed codelist: MARSTA
2025-02-24 11:38:21,869 - INFO - Processed codelist: MARSTA2
2025-02-24 11:38:21,871 - INFO - Processed codelist: IND_AVA
2025-02-24 11:38:21,871 - INFO - Processed codelist: MATAGENT
2025-02-24 11:38:21,873 - INFO - Processed codelist: IND_FARM
2025-02-24 11:38:21,876 - INFO - Processed codelist: MATERIAL
2025-02-24 11:38:21,878 - INFO - Processed codelist: IND_IMPV
2025-02-24 11:38:21,878 - INFO - Processed codelist: IND_INPU
2025-02-24 11:38:21,883 - INFO - Processed codelist: MATURITY
2025-02-24 11:38:21,884 - INFO - Processed codelist: IND_OUTP
2025-02-24 11:38:21,885 - INFO - Processed codelist: MEAT
2025-02-24 11:38:21,885 - INFO - Processed codelist: MEATITEM
2025-02-24 11:38:21,887 - INFO - Processed codelist: IND_TYPE
2025-02-24 11:38:21,888 - INFO - Processed codelist: MEDIA
2025-02-24 11:38:21,889 - INFO - Processed codelist: IND_USE
2025-02-24 11:38:21,890 - INFO - Processed codelist: MED_SPEC
2025-02-24 11:38:21,890 - INFO - Processed codelist: INET_SPD
2025-02-24 11:38:21,891 - INFO - Processed codelist: INET_TEC
2025-02-24 11:38:21,891 - INFO - Processed codelist: INJURY
2025-02-24 11:38:21,897 - INFO - Processed codelist: METROREG
2025-02-24 11:38:21,897 - INFO - Processed codelist: MGSTATUS
2025-02-24 11:38:21,898 - INFO - Processed codelist: INNOVAT
2025-02-24 11:38:21,898 - INFO - Processed codelist: INN_ACT
2025-02-24 11:38:21,898 - INFO - Processed codelist: MILKITEM
2025-02-24 11:38:21,899 - INFO - Processed codelist: MKTPLACE
2025-02-24 11:38:21,899 - INFO - Processed codelist: INN_DEVR
2025-02-24 11:38:21,899 - INFO - Processed codelist: MOBILITY
2025-02-24 11:38:21,900 - INFO - Processed codelist: INN_PF
2025-02-24 11:38:21,900 - INFO - Processed codelist: INT_RT
2025-02-24 11:38:21,900 - INFO - Processed codelist: MOBSCHEME
2025-02-24 11:38:22,065 - INFO - Processed codelist: SPECIES
2025-02-24 11:38:22,065 - INFO - Processed codelist: MODINJ
2025-02-24 11:38:22,065 - INFO - Processed codelist: INVOLVE
2025-02-24 11:38:22,066 - INFO - Processed codelist: SPFUNC
2025-02-24 11:38:22,066 - INFO - Processed codelist: MONTH
2025-02-24 11:38:22,066 - INFO - Processed codelist: SPSCHEME
2025-02-24 11:38:22,067 - INFO - Processed codelist: COPAT
2025-02-24 11:38:22,067 - INFO - Processed codelist: MORTALIT
2025-02-24 11:38:22,070 - INFO - Processed codelist: IPC
2025-02-24 11:38:22,070 - INFO - Processed codelist: MOT_NRG
2025-02-24 11:38:22,070 - INFO - Processed codelist: COST
2025-02-24 11:38:22,071 - INFO - Processed codelist: IPR_TRN
2025-02-24 11:38:22,071 - INFO - Processed codelist: COUNTERP
2025-02-24 11:38:22,071 - INFO - Processed codelist: NABS07
2025-02-24 11:38:22,072 - INFO - Processed codelist: IRRIG
2025-02-24 11:38:22,072 - INFO - Processed codelist: CO_NCO
2025-02-24 11:38:22,074 - INFO - Processed codelist: NABS92
2025-02-24 11:38:22,074 - INFO - Processed codelist: IRRMETH
2025-02-24 11:38:22,074 - INFO - Processed codelist: IRR_AREA
2025-02-24 11:38:22,078 - INFO - Processed codelist: CPA02
2025-02-24 11:38:22,079 - INFO - Processed codelist: ISCED11
2025-02-24 11:38:22,081 - INFO - Processed codelist: ISCED11F
2025-02-24 11:38:22,091 - INFO - Processed codelist: NACE_R1
2025-02-24 11:38:22,099 - INFO - Processed codelist: CPA08
2025-02-24 11:38:22,100 - INFO - Processed codelist: ISCED97
2025-02-24 11:38:22,100 - INFO - Processed codelist: BMI
2025-02-24 11:38:22,100 - INFO - Processed codelist: BODYPART
2025-02-24 11:38:22,101 - INFO - Processed codelist: BONDS
2025-02-24 11:38:22,105 - INFO - Processed codelist: BOP_ITEM
2025-02-24 11:38:22,105 - INFO - Processed codelist: BORDER
2025-02-24 11:38:22,121 - INFO - Processed codelist: NACE_R2
2025-02-24 11:38:22,122 - INFO - Processed codelist: BSNPART
2025-02-24 11:38:22,122 - INFO - Processed codelist: BSN_STRAT
2025-02-24 11:38:22,122 - INFO - Processed codelist: BUILDING
2025-02-24 11:38:22,123 - INFO - Processed codelist: BUS_FUNC
2025-02-24 11:38:22,123 - INFO - Processed codelist: BUS_PART
2025-02-24 11:38:22,123 - INFO - Processed codelist: CALCMETH
2025-02-24 11:38:22,140 - INFO - Processed codelist: NACE_R2D
2025-02-24 11:38:22,140 - INFO - Processed codelist: CALVAL
2025-02-24 11:38:22,141 - INFO - Processed codelist: CARERESP
2025-02-24 11:38:22,141 - INFO - Processed codelist: CARESTAT
2025-02-24 11:38:22,141 - INFO - Processed codelist: CARGO
2025-02-24 11:38:22,142 - INFO - Processed codelist: CARRIAGE
2025-02-24 11:38:22,154 - INFO - Processed codelist: NACE_R2_1
2025-02-24 11:38:22,155 - INFO - Processed codelist: CATEGORY
2025-02-24 11:38:22,155 - INFO - Processed codelist: CBTRADE
2025-02-24 11:38:22,155 - INFO - Processed codelist: CEPAREMA
2025-02-24 11:38:22,159 - INFO - Processed codelist: NATVESSR
2025-02-24 11:38:22,159 - INFO - Processed codelist: CHANGE
2025-02-24 11:38:22,160 - INFO - Processed codelist: CHCARE
2025-02-24 11:38:22,167 - INFO - Processed codelist: NA_ITEM
2025-02-24 11:38:22,168 - INFO - Processed codelist: NCL
2025-02-24 11:38:22,168 - INFO - Processed codelist: NETWORK
2025-02-24 11:38:22,234 - INFO - Processed codelist: CPA2_1
2025-02-24 11:38:22,238 - INFO - Processed codelist: CPATC
2025-02-24 11:38:22,238 - INFO - Processed codelist: CPAYAGR
2025-02-24 11:38:22,238 - INFO - Processed codelist: CREDINST
2025-02-24 11:38:22,260 - INFO - Processed codelist: CITIES
2025-02-24 11:38:22,261 - INFO - Processed codelist: CROPAREA
2025-02-24 11:38:22,265 - INFO - Processed codelist: CITIZEN
2025-02-24 11:38:22,273 - INFO - Processed codelist: CROPS
2025-02-24 11:38:22,274 - INFO - Processed codelist: CROP_PRO
2025-02-24 11:38:22,275 - INFO - Processed codelist: CLC18
2025-02-24 11:38:22,275 - INFO - Processed codelist: CLSPEC
2025-02-24 11:38:22,275 - INFO - Processed codelist: CROP_ROT
2025-02-24 11:38:22,275 - INFO - Processed codelist: CLTYPE
2025-02-24 11:38:22,275 - INFO - Processed codelist: COEF
2025-02-24 11:38:22,276 - INFO - Processed codelist: COFOG99
2025-02-24 11:38:22,286 - INFO - Processed codelist: CRUDEOIL
2025-02-24 11:38:22,287 - INFO - Processed codelist: CTM_NAT
2025-02-24 11:38:22,287 - INFO - Processed codelist: CTM_USE
2025-02-24 11:38:22,296 - INFO - Processed codelist: COICOP
2025-02-24 11:38:22,296 - INFO - Processed codelist: CTR_WTIME
2025-02-24 11:38:22,299 - INFO - Processed codelist: CURRENCY
2025-02-24 11:38:22,299 - INFO - Processed codelist: CUSTOMER
2025-02-24 11:38:22,310 - INFO - Processed codelist: COICOP18
2025-02-24 11:38:22,310 - INFO - Processed codelist: CVTAGR
2025-02-24 11:38:22,310 - INFO - Processed codelist: COMMUTE
2025-02-24 11:38:22,311 - INFO - Processed codelist: COMSPEC
2025-02-24 11:38:22,311 - INFO - Processed codelist: CVTPLAN
2025-02-24 11:38:22,311 - INFO - Processed codelist: CVT_CH
2025-02-24 11:38:22,311 - INFO - Processed codelist: CONF_STATUS
2025-02-24 11:38:22,311 - INFO - Processed codelist: CONS
2025-02-24 11:38:22,311 - INFO - Processed codelist: CONSIGN
2025-02-24 11:38:22,313 - INFO - Processed codelist: CONSOM
2025-02-24 11:38:22,313 - INFO - Processed codelist: CONS_EXPN
2025-02-24 11:38:22,313 - INFO - Processed codelist: CONS_FP
2025-02-24 11:38:22,313 - INFO - Processed codelist: CONS_PRD
2025-02-24 11:38:22,314 - INFO - Processed codelist: CONTRIB
2025-02-24 11:38:22,314 - INFO - Processed codelist: COOP_PTN
2025-02-24 11:38:22,314 - INFO - Processed codelist: ACCIDENT
2025-02-24 11:38:22,315 - INFO - Processed codelist: ACCOMMOD
2025-02-24 11:38:22,315 - INFO - Processed codelist: ACCOMSIZE
2025-02-24 11:38:22,315 - INFO - Processed codelist: ACCOMUNIT
2025-02-24 11:38:22,318 - INFO - Processed codelist: ACL00
2025-02-24 11:38:22,318 - INFO - Processed codelist: ACTIVITY
2025-02-24 11:38:22,319 - INFO - Processed codelist: ADMINISTR
2025-02-24 11:38:22,319 - INFO - Processed codelist: AFFORD
2025-02-24 11:38:22,326 - INFO - Processed codelist: AGE
2025-02-24 11:38:22,335 - INFO - Processed codelist: AGECHILD
2025-02-24 11:38:22,386 - INFO - Processed codelist: C_BIRTH
2025-02-24 11:38:22,386 - INFO - Processed codelist: AGEDEF
2025-02-24 11:38:22,387 - INFO - Processed codelist: AGPRDMET
2025-02-24 11:38:22,388 - INFO - Processed codelist: AGRAREA
2025-02-24 11:38:22,402 - INFO - Processed codelist: AGRIPROD
2025-02-24 11:38:22,406 - INFO - Processed codelist: AGR_INP
2025-02-24 11:38:22,407 - INFO - Processed codelist: AIRCRAFT
2025-02-24 11:38:22,407 - INFO - Processed codelist: AIRC_CAT
2025-02-24 11:38:22,407 - INFO - Processed codelist: AIRLINE
2025-02-24 11:38:22,408 - INFO - Processed codelist: AIRPOL
2025-02-24 11:38:22,613 - INFO - Processed codelist: NET_SEG
2025-02-24 11:38:22,665 - INFO - Processed codelist: C_BTHFAT
2025-02-24 11:38:22,718 - INFO - Processed codelist: C_BTHMOT
2025-02-24 11:38:22,770 - INFO - Processed codelist: C_BTHPAR
2025-02-24 11:38:22,821 - INFO - Processed codelist: C_CABOT
2025-02-24 11:38:22,875 - INFO - Processed codelist: C_CTRL
2025-02-24 11:38:23,144 - INFO - Processed codelist: NET_SEG10
2025-02-24 11:38:23,196 - INFO - Processed codelist: C_DEST
2025-02-24 11:38:23,540 - INFO - Processed codelist: AIRP_PR
2025-02-24 11:38:23,540 - INFO - Processed codelist: AIRSECT
2025-02-24 11:38:23,541 - INFO - Processed codelist: AMENITY
2025-02-24 11:38:23,544 - INFO - Processed codelist: AM_ITEM
2025-02-24 11:38:23,547 - INFO - Processed codelist: ANIMALS
2025-02-24 11:38:23,547 - INFO - Processed codelist: ANNEX
2025-02-24 11:38:23,596 - INFO - Processed codelist: C_EDUC
2025-02-24 11:38:23,596 - INFO - Processed codelist: APPLICANT
2025-02-24 11:38:23,596 - INFO - Processed codelist: APPREHEN
2025-02-24 11:38:23,599 - INFO - Processed codelist: C_EXP
2025-02-24 11:38:23,599 - INFO - Processed codelist: AQUAENV
2025-02-24 11:38:23,599 - INFO - Processed codelist: AQUAMETH
2025-02-24 11:38:23,602 - INFO - Processed codelist: C_IMP
2025-02-24 11:38:23,603 - INFO - Processed codelist: ARABLE
2025-02-24 11:38:23,604 - INFO - Processed codelist: AREA
2025-02-24 11:38:23,604 - INFO - Processed codelist: AREAPROT
2025-02-24 11:38:23,604 - INFO - Processed codelist: ARREARS
2025-02-24 11:38:23,605 - INFO - Processed codelist: ASSESS
2025-02-24 11:38:23,605 - INFO - Processed codelist: ASSET10
2025-02-24 11:38:23,606 - INFO - Processed codelist: ASSIST
2025-02-24 11:38:23,606 - INFO - Processed codelist: ASYL_APP
2025-02-24 11:38:23,606 - INFO - Processed codelist: BARK
2025-02-24 11:38:23,607 - INFO - Processed codelist: BARRIER
2025-02-24 11:38:23,608 - INFO - Processed codelist: BCLAS_BEC
2025-02-24 11:38:23,610 - INFO - Processed codelist: BEC_R5
2025-02-24 11:38:23,610 - INFO - Processed codelist: DANG_GDS
2025-02-24 11:38:23,610 - INFO - Processed codelist: DAYSWEEK
2025-02-24 11:38:23,611 - INFO - Processed codelist: DECISION
2025-02-24 11:38:23,611 - INFO - Processed codelist: DEG_URB
2025-02-24 11:38:23,612 - INFO - Processed codelist: DENSITY
2025-02-24 11:38:23,612 - INFO - Processed codelist: DEST
2025-02-24 11:38:23,612 - INFO - Processed codelist: DEST_USE
2025-02-24 11:38:23,612 - INFO - Processed codelist: DEVIATN
2025-02-24 11:38:23,664 - INFO - Processed codelist: C_LOAD
2025-02-24 11:38:23,664 - INFO - Processed codelist: DIAGNOSE
2025-02-24 11:38:23,665 - INFO - Processed codelist: DIRECT
2025-02-24 11:38:23,665 - INFO - Processed codelist: DISTANCE
2025-02-24 11:38:23,665 - INFO - Processed codelist: DOMAIN
2025-02-24 11:38:23,673 - INFO - Processed codelist: DURATION
2025-02-24 11:38:23,674 - INFO - Processed codelist: EBOPS2010
2025-02-24 11:38:23,674 - INFO - Processed codelist: ECASE
2025-02-24 11:38:23,675 - INFO - Processed codelist: ECOSYST
2025-02-24 11:38:23,676 - INFO - Processed codelist: ECOSYST_C
2025-02-24 11:38:23,677 - INFO - Processed codelist: EFFECT
2025-02-24 11:38:23,677 - INFO - Processed codelist: EFFEMP
2025-02-24 11:38:23,677 - INFO - Processed codelist: EMPSOUGH
2025-02-24 11:38:23,678 - INFO - Processed codelist: EMP_CONT
2025-02-24 11:38:23,678 - INFO - Processed codelist: ENGINE
2025-02-24 11:38:23,678 - INFO - Processed codelist: ENG_POW
2025-02-24 11:38:23,679 - INFO - Processed codelist: ENTERPR
2025-02-24 11:38:23,680 - INFO - Processed codelist: ENTGRP
2025-02-24 11:38:23,680 - INFO - Processed codelist: ENTITY
2025-02-24 11:38:23,680 - INFO - Processed codelist: ENV_BEN
2025-02-24 11:38:23,681 - INFO - Processed codelist: ENV_ECON
2025-02-24 11:38:23,730 - INFO - Processed codelist: C_ORIG
2025-02-24 11:38:23,730 - INFO - Processed codelist: ENV_EXP
2025-02-24 11:38:23,731 - INFO - Processed codelist: ESEG
2025-02-24 11:38:23,731 - INFO - Processed codelist: ESTRUCT
2025-02-24 11:38:23,731 - INFO - Processed codelist: ESU
2025-02-24 11:38:23,732 - INFO - Processed codelist: EXCH_RT
2025-02-24 11:38:23,732 - INFO - Processed codelist: EXPECT
2025-02-24 11:38:23,732 - INFO - Processed codelist: EXPEN
2025-02-24 11:38:23,733 - INFO - Processed codelist: EXPEND
2025-02-24 11:38:23,733 - INFO - Processed codelist: EXPERNCE
2025-02-24 11:38:23,734 - INFO - Processed codelist: FACILITY
2025-02-24 11:38:23,734 - INFO - Processed codelist: FACTOR
2025-02-24 11:38:23,734 - INFO - Processed codelist: FAM_FARM
2025-02-24 11:38:24,004 - INFO - Processed codelist: NET_SEG15
2025-02-24 11:38:24,004 - INFO - Processed codelist: FARMSIZE
2025-02-24 11:38:24,005 - INFO - Processed codelist: FARMTYPE
2025-02-24 11:38:24,057 - INFO - Processed codelist: C_REGIS
2025-02-24 11:38:24,108 - INFO - Processed codelist: C_RESID
2025-02-24 11:38:24,159 - INFO - Processed codelist: C_TRANS
2025-02-24 11:38:24,210 - INFO - Processed codelist: C_UNLOAD
2025-02-24 11:38:24,262 - INFO - Processed codelist: C_WORK
2025-02-24 11:38:24,264 - INFO - Processed codelist: DAIRYPROD
2025-02-24 11:38:24,681 - INFO - Processed codelist: NET_SEG20
2025-02-24 11:38:24,689 - INFO - Processed codelist: NRG_BAL
2025-02-24 11:38:24,689 - INFO - Processed codelist: NRG_CONS
2025-02-24 11:38:28,773 - INFO - Saved 660 codelists to data\codelist_all.json
